TN:
SF:/Users/itexico/MyLibs/ngx-duality/karma-test-entry.ts
FNF:0
FNH:0
DA:1,1
DA:2,1
DA:3,1
DA:4,1
DA:5,1
DA:6,1
DA:7,1
DA:8,1
DA:9,1
DA:11,1
DA:13,1
DA:18,1
DA:23,1
DA:24,1
LF:14
LH:14
BRF:0
BRH:0
end_of_record
TN:
SF:/Users/itexico/MyLibs/ngx-duality/src/components/sidebar/ngx-sidebar.component.ts
FN:23,(anonymous_2)
FN:44,NgxSidebarComponent
FN:54,(anonymous_4)
FN:67,(anonymous_5)
FN:76,(anonymous_6)
FN:86,(anonymous_7)
FN:104,(anonymous_8)
FN:126,(anonymous_9)
FN:144,(anonymous_10)
FN:150,(anonymous_11)
FN:164,(anonymous_12)
FNF:11
FNH:6
FNDA:1,(anonymous_2)
FNDA:17,NgxSidebarComponent
FNDA:0,(anonymous_4)
FNDA:13,(anonymous_5)
FNDA:0,(anonymous_6)
FNDA:27,(anonymous_7)
FNDA:28,(anonymous_8)
FNDA:27,(anonymous_9)
FNDA:0,(anonymous_10)
FNDA:0,(anonymous_11)
FNDA:0,(anonymous_12)
DA:1,1
DA:15,1
DA:23,1
DA:24,1
DA:25,1
DA:26,1
DA:27,17
DA:28,17
DA:29,17
DA:35,17
DA:44,17
DA:45,17
DA:46,17
DA:47,17
DA:50,17
DA:51,17
DA:52,17
DA:54,17
DA:55,0
DA:56,0
DA:58,0
DA:60,0
DA:61,0
DA:62,0
DA:67,1
DA:69,13
DA:71,13
DA:73,13
DA:76,1
DA:77,0
DA:81,0
DA:86,1
DA:88,27
DA:89,27
DA:95,135
DA:96,135
DA:97,0
DA:100,27
DA:104,1
DA:105,28
DA:106,28
DA:108,28
DA:109,28
DA:110,0
DA:111,0
DA:113,0
DA:116,28
DA:119,28
DA:126,1
DA:127,27
DA:128,27
DA:129,27
DA:130,27
DA:132,0
DA:134,27
DA:135,27
DA:137,0
DA:140,27
DA:144,1
DA:145,0
DA:146,0
DA:150,1
DA:152,0
DA:158,0
DA:159,0
DA:164,1
DA:165,0
DA:166,0
DA:168,0
DA:171,1
LF:70
LH:48
BRDA:51,0,0,0
BRDA:51,0,1,17
BRDA:59,1,0,0
BRDA:59,1,1,0
BRDA:60,2,0,0
BRDA:60,2,1,0
BRDA:77,3,0,0
BRDA:77,3,1,0
BRDA:77,4,0,0
BRDA:77,4,1,0
BRDA:96,5,0,0
BRDA:96,5,1,135
BRDA:108,6,0,28
BRDA:108,6,1,0
BRDA:109,7,0,0
BRDA:109,7,1,28
BRDA:110,8,0,0
BRDA:110,8,1,0
BRDA:128,9,0,27
BRDA:128,9,1,0
BRDA:129,10,0,27
BRDA:129,10,1,0
BRDA:134,11,0,27
BRDA:134,11,1,0
BRDA:145,12,0,0
BRDA:145,12,1,0
BRDA:158,13,0,0
BRDA:158,13,1,0
BRDA:165,14,0,0
BRDA:165,14,1,0
BRDA:165,15,0,0
BRDA:165,15,1,0
BRF:32
BRH:7
end_of_record
TN:
SF:/Users/itexico/MyLibs/ngx-duality/src/components/sidebar/ngx-sidebar.service.ts
FN:6,(anonymous_4)
FN:11,NgxSidebarService
FN:13,(anonymous_6)
FN:22,(anonymous_7)
FN:26,(anonymous_8)
FN:60,(anonymous_9)
FN:66,(anonymous_10)
FN:90,(anonymous_11)
FNF:8
FNH:6
FNDA:1,(anonymous_4)
FNDA:20,NgxSidebarService
FNDA:14,(anonymous_6)
FNDA:18,(anonymous_7)
FNDA:1,(anonymous_8)
FNDA:0,(anonymous_9)
FNDA:0,(anonymous_10)
FNDA:1,(anonymous_11)
DA:1,1
DA:6,1
DA:7,20
DA:11,20
DA:13,1
DA:14,14
DA:15,0
DA:16,14
DA:17,14
DA:19,0
DA:22,1
DA:23,18
DA:26,1
DA:27,1
DA:30,0
DA:31,0
DA:32,0
DA:34,0
DA:37,0
DA:38,0
DA:40,0
DA:43,1
DA:44,0
DA:45,0
DA:47,1
DA:50,0
DA:51,0
DA:54,0
DA:56,0
DA:60,1
DA:61,0
DA:62,0
DA:66,1
DA:67,0
DA:68,0
DA:69,0
DA:70,0
DA:72,0
DA:75,0
DA:76,0
DA:78,0
DA:81,0
DA:82,0
DA:83,0
DA:84,0
DA:87,0
DA:90,1
DA:91,1
DA:94,1
DA:96,0
DA:98,1
DA:99,1
DA:101,0
DA:104,1
LF:54
LH:22
BRDA:14,0,0,0
BRDA:14,0,1,14
BRDA:14,1,0,14
BRDA:14,1,1,1
BRDA:16,2,0,14
BRDA:16,2,1,0
BRDA:16,3,0,14
BRDA:16,3,1,14
BRDA:29,4,0,0
BRDA:29,4,1,0
BRDA:29,4,2,1
BRDA:29,4,3,0
BRDA:29,4,4,0
BRDA:29,4,5,0
BRDA:30,5,0,0
BRDA:30,5,1,0
BRDA:37,6,0,0
BRDA:37,6,1,0
BRDA:37,7,0,0
BRDA:37,7,1,0
BRDA:43,8,0,0
BRDA:43,8,1,1
BRDA:73,9,0,0
BRDA:73,9,1,0
BRDA:75,10,0,0
BRDA:75,10,1,0
BRDA:76,11,0,0
BRDA:76,11,1,0
BRDA:83,12,0,0
BRDA:83,12,1,0
BRDA:91,13,0,1
BRDA:91,13,1,0
BRDA:91,14,0,1
BRDA:91,14,1,0
BRDA:91,14,2,0
BRDA:91,14,3,0
BRDA:91,14,4,0
BRDA:98,15,0,1
BRDA:98,15,1,0
BRDA:99,16,0,0
BRDA:99,16,1,1
BRDA:101,17,0,0
BRDA:101,17,1,0
BRF:43
BRH:12
end_of_record
TN:
SF:/Users/itexico/MyLibs/ngx-duality/src/directives/over-style/ngx-over-style.directive.ts
FN:7,(anonymous_2)
FN:13,NgxOverStyleDirective
FN:14,(anonymous_4)
FN:60,(anonymous_5)
FNF:4
FNH:2
FNDA:1,(anonymous_2)
FNDA:1,NgxOverStyleDirective
FNDA:0,(anonymous_4)
FNDA:0,(anonymous_5)
DA:1,1
DA:7,1
DA:10,1
DA:11,1
DA:13,1
DA:14,1
DA:16,0
DA:17,0
DA:19,0
DA:20,0
DA:22,0
DA:23,0
DA:25,0
DA:26,0
DA:28,0
DA:29,0
DA:32,0
DA:33,0
DA:35,0
DA:36,0
DA:38,0
DA:39,0
DA:41,0
DA:47,0
DA:49,0
DA:50,0
DA:52,0
DA:55,0
DA:57,0
DA:60,1
DA:61,0
DA:62,0
DA:64,1
LF:33
LH:8
BRDA:16,0,0,0
BRDA:16,0,1,0
BRDA:19,1,0,0
BRDA:19,1,1,0
BRDA:22,2,0,0
BRDA:22,2,1,0
BRDA:22,3,0,0
BRDA:22,3,1,0
BRDA:25,4,0,0
BRDA:25,4,1,0
BRDA:25,5,0,0
BRDA:25,5,1,0
BRDA:28,6,0,0
BRDA:28,6,1,0
BRDA:28,7,0,0
BRDA:28,7,1,0
BRDA:32,8,0,0
BRDA:32,8,1,0
BRDA:35,9,0,0
BRDA:35,9,1,0
BRDA:38,10,0,0
BRDA:38,10,1,0
BRDA:41,11,0,0
BRDA:41,11,1,0
BRDA:42,12,0,0
BRDA:42,12,1,0
BRDA:42,12,2,0
BRDA:42,12,3,0
BRDA:49,13,0,0
BRDA:49,13,1,0
BRDA:52,14,0,0
BRDA:52,14,1,0
BRDA:52,15,0,0
BRDA:52,15,1,0
BRDA:52,15,2,0
BRF:35
BRH:0
end_of_record
TN:
SF:/Users/itexico/MyLibs/ngx-duality/src/services/tick-tock/tick-tock.service.ts
FN:8,(anonymous_1)
FN:7,TickTockService
FN:15,(anonymous_3)
FN:24,(anonymous_4)
FN:44,(anonymous_5)
FN:47,(anonymous_6)
FNF:6
FNH:6
FNDA:1,(anonymous_1)
FNDA:1,TickTockService
FNDA:3,(anonymous_3)
FNDA:1,(anonymous_4)
FNDA:1,(anonymous_5)
FNDA:1,(anonymous_6)
DA:1,1
DA:2,1
DA:8,1
DA:15,1
DA:16,3
DA:17,3
DA:24,1
DA:25,1
DA:27,1
DA:28,1
DA:29,1
DA:31,1
DA:38,1
DA:44,1
DA:45,1
DA:47,1
DA:49,1
LF:17
LH:17
BRF:0
BRH:0
end_of_record
